<?xml version="1.0" encoding="UTF-8"?>
<!-- Generated by org.testng.reporters.JUnitReportReporter -->
<testsuite hostname="Shikhas-MacBook-Pro.local" failures="0" tests="10" name="Test.Testdata" time="35.361" errors="0" timestamp="2020-02-23T13:11:32 EST" skipped="0">
  <testcase classname="Test.Testdata" name="HOME" time="2.672"/>
  <testcase classname="Test.Testdata" name="HOME" time="2.004"/>
  <testcase classname="Test.Testdata" name="LOGIN" time="0.579"/>
  <testcase classname="Test.Testdata" name="LOGIN" time="1.242"/>
  <testcase classname="Test.Testdata" name="f" time="4.569"/>
  <testcase classname="Test.Testdata" name="f" time="4.782"/>
  <testcase classname="Test.Testdata" name="f" time="5.005"/>
  <testcase classname="Test.Testdata" name="f" time="4.572"/>
  <testcase classname="Test.Testdata" name="f" time="5.417"/>
  <testcase classname="Test.Testdata" name="f" time="4.519"/>
</testsuite> <!-- Test.Testdata -->
