<?xml version="1.0" encoding="UTF-8"?>
<!-- Generated by org.testng.reporters.JUnitReportReporter -->
<testsuite hostname="Shikhas-MacBook-Pro.local" failures="0" tests="6" name="Test.TestNG" time="10.811" errors="0" timestamp="2020-02-23T13:09:59 EST" skipped="0">
  <testcase classname="Test.TestNG" name="HOME" time="4.624"/>
  <testcase classname="Test.TestNG" name="HOME" time="1.907"/>
  <testcase classname="Test.TestNG" name="LOGIN" time="1.198"/>
  <testcase classname="Test.TestNG" name="LOGIN" time="0.653"/>
  <testcase classname="Test.TestNG" name="SUBMIT" time="1.002"/>
  <testcase classname="Test.TestNG" name="SUBMIT" time="1.427"/>
</testsuite> <!-- Test.TestNG -->
